<?xml version="1.0" encoding="UTF-8"?>
<!-- Generated by org.testng.reporters.JUnitXMLReporter -->
<testsuite ignored="0" hostname="DESKTOP-EMEUA3I" failures="0" tests="2" name="Default test" time="98.492" errors="0" timestamp="2023-04-18T19:41:39 IST">
  <testcase classname="vtiger.OrganaizationTest.CreateOrganaizationTest" name="CreateOrganaizationTest" time="39.136"/>
  <testcase classname="vtiger.OrganaizationTest.CreateOrganaizationTest" name="demo" time="0.006"/>
</testsuite> <!-- Default test -->
