<?xml version="1.0" encoding="UTF-8"?>
<!-- Generated by org.testng.reporters.JUnitXMLReporter -->
<testsuite ignored="1" hostname="DESKTOP-EMEUA3I" failures="0" tests="1" name="Test" time="45.203" errors="0" timestamp="2023-04-18T14:09:37 IST">
  <testcase classname="vtiger.ContactsTest.CreateContactsTest" name="createContactsTest" time="19.45"/>
  <testcase classname="vtiger.ContactsTest.CreateContactsTest" name="demo" time="0.0">
    <ignored/>
  </testcase> <!-- demo -->
</testsuite> <!-- Test -->
