<?xml version="1.0" encoding="UTF-8"?>
<testng-results ignored="0" total="2" passed="2" failed="0" skipped="0">
  <reporter-output>
    <line>
      <![CDATA[navaigated to contacts link]]>
    </line>
    <line>
      <![CDATA[navaigated to contacts look up image]]>
    </line>
    <line>
      <![CDATA[created contacts ]]>
    </line>
    <line>
      <![CDATA[validated contacts ]]>
    </line>
    <line>
      <![CDATA[demo script]]>
    </line>
  </reporter-output>
  <suite started-at="2023-04-10T10:45:36 IST" name="Default suite" finished-at="2023-04-10T10:46:42 IST" duration-ms="66411">
    <groups>
      <group name="SmokeSuite">
        <method signature="CreateContactsTest.createContactsTest()[pri:0, instance:vtiger.ContactsTest.CreateContactsTest@d9345cd]" name="createContactsTest" class="vtiger.ContactsTest.CreateContactsTest"/>
      </group> <!-- SmokeSuite -->
    </groups>
    <test started-at="2023-04-10T10:45:36 IST" name="Default test" finished-at="2023-04-10T10:46:42 IST" duration-ms="66411">
      <class name="vtiger.ContactsTest.CreateContactsTest">
        <test-method is-config="true" signature="bsConfig()[pri:0, instance:vtiger.ContactsTest.CreateContactsTest@d9345cd]" started-at="2023-04-10T10:45:36 IST" name="bsConfig" finished-at="2023-04-10T10:45:36 IST" duration-ms="27" status="PASS">
          <reporter-output>
          </reporter-output>
        </test-method> <!-- bsConfig -->
        <test-method is-config="true" signature="bcConfig()[pri:0, instance:vtiger.ContactsTest.CreateContactsTest@d9345cd]" started-at="2023-04-10T10:45:37 IST" name="bcConfig" finished-at="2023-04-10T10:45:51 IST" duration-ms="14039" status="PASS">
          <reporter-output>
          </reporter-output>
        </test-method> <!-- bcConfig -->
        <test-method is-config="true" signature="bmConfig()[pri:0, instance:vtiger.ContactsTest.CreateContactsTest@d9345cd]" started-at="2023-04-10T10:45:51 IST" name="bmConfig" finished-at="2023-04-10T10:45:57 IST" duration-ms="5855" status="PASS">
          <reporter-output>
          </reporter-output>
        </test-method> <!-- bmConfig -->
        <test-method signature="createContactsTest()[pri:0, instance:vtiger.ContactsTest.CreateContactsTest@d9345cd]" started-at="2023-04-10T10:45:57 IST" name="createContactsTest" finished-at="2023-04-10T10:46:27 IST" duration-ms="30227" status="PASS">
          <reporter-output>
            <line>
              <![CDATA[navaigated to contacts link]]>
            </line>
            <line>
              <![CDATA[navaigated to contacts look up image]]>
            </line>
            <line>
              <![CDATA[created contacts ]]>
            </line>
            <line>
              <![CDATA[validated contacts ]]>
            </line>
          </reporter-output>
        </test-method> <!-- createContactsTest -->
        <test-method is-config="true" signature="amConfig()[pri:0, instance:vtiger.ContactsTest.CreateContactsTest@d9345cd]" started-at="2023-04-10T10:46:27 IST" name="amConfig" finished-at="2023-04-10T10:46:30 IST" duration-ms="2483" status="PASS">
          <reporter-output>
          </reporter-output>
        </test-method> <!-- amConfig -->
        <test-method is-config="true" signature="bmConfig()[pri:0, instance:vtiger.ContactsTest.CreateContactsTest@d9345cd]" started-at="2023-04-10T10:46:30 IST" name="bmConfig" finished-at="2023-04-10T10:46:34 IST" duration-ms="4693" status="PASS">
          <reporter-output>
          </reporter-output>
        </test-method> <!-- bmConfig -->
        <test-method signature="demo()[pri:0, instance:vtiger.ContactsTest.CreateContactsTest@d9345cd]" started-at="2023-04-10T10:46:34 IST" name="demo" finished-at="2023-04-10T10:46:34 IST" duration-ms="5" status="PASS">
          <reporter-output>
            <line>
              <![CDATA[demo script]]>
            </line>
          </reporter-output>
        </test-method> <!-- demo -->
        <test-method is-config="true" signature="amConfig()[pri:0, instance:vtiger.ContactsTest.CreateContactsTest@d9345cd]" started-at="2023-04-10T10:46:34 IST" name="amConfig" finished-at="2023-04-10T10:46:40 IST" duration-ms="5555" status="PASS">
          <reporter-output>
          </reporter-output>
        </test-method> <!-- amConfig -->
        <test-method is-config="true" signature="acConfig()[pri:0, instance:vtiger.ContactsTest.CreateContactsTest@d9345cd]" started-at="2023-04-10T10:46:40 IST" name="acConfig" finished-at="2023-04-10T10:46:42 IST" duration-ms="2199" status="PASS">
          <reporter-output>
          </reporter-output>
        </test-method> <!-- acConfig -->
        <test-method is-config="true" signature="asConfig()[pri:0, instance:vtiger.ContactsTest.CreateContactsTest@d9345cd]" started-at="2023-04-10T10:46:43 IST" name="asConfig" finished-at="2023-04-10T10:46:43 IST" duration-ms="3" status="PASS">
          <reporter-output>
          </reporter-output>
        </test-method> <!-- asConfig -->
      </class> <!-- vtiger.ContactsTest.CreateContactsTest -->
    </test> <!-- Default test -->
  </suite> <!-- Default suite -->
</testng-results>
